-----------
STARTING WITH INDEX 1
-----------
selected 1 / 5 pairs, sig-degree of sel. pairs: 0
symbolic pp took 3.1767e-5 seconds.
Matrix 1 : 2.193e-6 secs reduction / size = (1, 56) / density = 1.0
Pair generation took 1.1874e-5 seconds.
-----------
STARTING WITH INDEX 2
-----------
selected 1 / 4 pairs, sig-degree of sel. pairs: 0
symbolic pp took 3.5595e-5 seconds.
Matrix 2 : 0.020026693 secs reduction / size = (2, 56) / density = 1.0
Pair generation took 3.8919e-5 seconds.
selected 1 / 4 pairs, sig-degree of sel. pairs: 1
symbolic pp took 0.013788727 seconds.
Matrix 3 : 1.2535e-5 secs reduction / size = (11, 125) / density = 0.44363636363636366
Pair generation took 1.9738e-5 seconds.
selected 1 / 4 pairs, sig-degree of sel. pairs: 2
symbolic pp took 0.000238334 seconds.
Matrix 4 : 2.2607e-5 secs reduction / size = (31, 241) / density = 0.2777405969749699
Pair generation took 1.8523e-5 seconds.
-----------
STARTING WITH INDEX 3
-----------
selected 1 / 3 pairs, sig-degree of sel. pairs: 0
symbolic pp took 2.1811e-5 seconds.
Matrix 5 : 3.955e-6 secs reduction / size = (3, 56) / density = 0.9940476190476191
Pair generation took 1.1859e-5 seconds.
selected 2 / 5 pairs, sig-degree of sel. pairs: 1
symbolic pp took 0.022199707 seconds.
Matrix 6 : 2.3158e-5 secs reduction / size = (16, 124) / density = 0.4727822580645161
Pair generation took 3.5858e-5 seconds.
selected 3 / 6 pairs, sig-degree of sel. pairs: 2
symbolic pp took 0.00018132 seconds.
Matrix 7 : 7.8934e-5 secs reduction / size = (46, 235) / density = 0.32608695652173914
Pair generation took 4.2611e-5 seconds.
selected 2 / 4 pairs, sig-degree of sel. pairs: 3
symbolic pp took 0.000421412 seconds.
Matrix 8 : 9.4206e-5 secs reduction / size = (70, 367) / density = 0.2571039314908525
1 zero reductions at sig-degree 3 / position 3
Pair generation took 4.7396e-5 seconds.
selected 1 / 3 pairs, sig-degree of sel. pairs: 4
symbolic pp took 0.00076102 seconds.
Matrix 9 : 9.6803e-5 secs reduction / size = (122, 558) / density = 0.19472354427404664
1 zero reductions at sig-degree 4 / position 3
Pair generation took 5.8844e-5 seconds.
-----------
STARTING WITH INDEX 4
-----------
selected 1 / 2 pairs, sig-degree of sel. pairs: 0
symbolic pp took 2.6004e-5 seconds.
Matrix 10 : 6.689e-6 secs reduction / size = (4, 56) / density = 0.9866071428571429
Pair generation took 1.4875e-5 seconds.
selected 3 / 6 pairs, sig-degree of sel. pairs: 1
symbolic pp took 7.7872e-5 seconds.
Matrix 11 : 3.0641e-5 secs reduction / size = (21, 123) / density = 0.5079365079365079
Pair generation took 5.0921e-5 seconds.
selected 7 / 9 pairs, sig-degree of sel. pairs: 2
symbolic pp took 0.000196826 seconds.
Matrix 12 : 0.000153798 secs reduction / size = (56, 224) / density = 0.35267857142857145
1 zero reductions at sig-degree 2 / position 4
Pair generation took 0.000132474 seconds.
selected 6 / 13 pairs, sig-degree of sel. pairs: 3
symbolic pp took 0.00038592 seconds.
Matrix 13 : 0.00021754 secs reduction / size = (91, 340) / density = 0.3024240465416936
4 zero reductions at sig-degree 3 / position 4
Pair generation took 0.000102566 seconds.
selected 2 / 7 pairs, sig-degree of sel. pairs: 4
symbolic pp took 0.000353892 seconds.
Matrix 14 : 0.000121813 secs reduction / size = (55, 393) / density = 0.3894980337728429
2 zero reductions at sig-degree 4 / position 4
Pair generation took 3.8633e-5 seconds.
-----------
STARTING WITH INDEX 5
-----------
selected 1 / 1 pairs, sig-degree of sel. pairs: 0
symbolic pp took 9.8688e-5 seconds.
Matrix 15 : 1.7546e-5 secs reduction / size = (25, 126) / density = 0.5580952380952381
Pair generation took 2.3805e-5 seconds.
selected 4 / 8 pairs, sig-degree of sel. pairs: 1
symbolic pp took 0.000209496 seconds.
Matrix 16 : 0.000113734 secs reduction / size = (59, 222) / density = 0.3891433806688044
Pair generation took 0.000129246 seconds.
selected 11 / 16 pairs, sig-degree of sel. pairs: 2
symbolic pp took 0.00041017 seconds.
Matrix 17 : 0.000426534 secs reduction / size = (103, 325) / density = 0.2978342046303211
3 zero reductions at sig-degree 2 / position 5
Pair generation took 0.000357967 seconds.
selected 11 / 23 pairs, sig-degree of sel. pairs: 3
symbolic pp took 0.000360834 seconds.
Matrix 18 : 0.000429482 secs reduction / size = (64, 319) / density = 0.46732954545454547
7 zero reductions at sig-degree 3 / position 5
Pair generation took 0.00021691 seconds.
selected 3 / 11 pairs, sig-degree of sel. pairs: 4
symbolic pp took 0.000323834 seconds.
Matrix 19 : 0.00013303 secs reduction / size = (43, 317) / density = 0.5295282811239087
3 zero reductions at sig-degree 4 / position 5
Pair generation took 3.5522e-5 seconds.
-----
total number of arithmetic operations (groebner): 252397
total number of arithmetic operations (module overhead): 0
  0.110495 seconds (214.86 k allocations: 17.585 MiB, 84.91% compilation time)
-----------
STARTING WITH INDEX 1
-----------
selected 1 / 5 pairs, sig-degree of sel. pairs: 0
symbolic pp took 3.2685e-5 seconds.
Matrix 1 : 1.975e-6 secs reduction / size = (1, 56) / density = 1.0
Pair generation took 8.106e-6 seconds.
-----------
STARTING WITH INDEX 2
-----------
selected 1 / 4 pairs, sig-degree of sel. pairs: 0
symbolic pp took 1.9894e-5 seconds.
Matrix 2 : 6.238e-6 secs reduction / size = (2, 56) / density = 1.0
Pair generation took 1.3557e-5 seconds.
selected 1 / 4 pairs, sig-degree of sel. pairs: 1
symbolic pp took 6.5975e-5 seconds.
Matrix 3 : 1.0626e-5 secs reduction / size = (11, 125) / density = 0.44363636363636366
Pair generation took 7.709e-6 seconds.
selected 1 / 4 pairs, sig-degree of sel. pairs: 2
symbolic pp took 0.000216742 seconds.
Matrix 4 : 2.4074e-5 secs reduction / size = (31, 241) / density = 0.2777405969749699
Pair generation took 1.6454e-5 seconds.
-----------
STARTING WITH INDEX 3
-----------
selected 1 / 3 pairs, sig-degree of sel. pairs: 0
symbolic pp took 1.9886e-5 seconds.
Matrix 5 : 4.585e-6 secs reduction / size = (3, 56) / density = 0.9940476190476191
Pair generation took 8.741e-6 seconds.
selected 2 / 5 pairs, sig-degree of sel. pairs: 1
symbolic pp took 6.7592e-5 seconds.
Matrix 6 : 1.9541e-5 secs reduction / size = (16, 124) / density = 0.4727822580645161
Pair generation took 2.164e-5 seconds.
selected 3 / 6 pairs, sig-degree of sel. pairs: 2
symbolic pp took 0.000184038 seconds.
Matrix 7 : 7.2688e-5 secs reduction / size = (46, 235) / density = 0.32608695652173914
Pair generation took 4.2922e-5 seconds.
selected 2 / 4 pairs, sig-degree of sel. pairs: 3
symbolic pp took 0.000420805 seconds.
Matrix 8 : 9.6892e-5 secs reduction / size = (70, 367) / density = 0.2571039314908525
1 zero reductions at sig-degree 3 / position 3
Pair generation took 1.8516e-5 seconds.
selected 1 / 4 pairs, sig-degree of sel. pairs: 0
symbolic pp took 1.6389e-5 seconds.
Matrix 9 : 6.24e-7 secs reduction / size = (1, 54) / density = 1.0
Pair generation took 8.263e-6 seconds.
selected 2 / 6 pairs, sig-degree of sel. pairs: 1
symbolic pp took 7.1769e-5 seconds.
Matrix 10 : 1.5543e-5 secs reduction / size = (16, 124) / density = 0.4727822580645161
1 zero reductions at sig-degree 1 / position 3
Pair generation took 1.2354e-5 seconds.
selected 1 / 4 pairs, sig-degree of sel. pairs: 2
symbolic pp took 0.000128768 seconds.
Matrix 11 : 1.5172e-5 secs reduction / size = (26, 221) / density = 0.32213713887922035
1 zero reductions at sig-degree 2 / position 3
Pair generation took 7.374e-6 seconds.
-----------
STARTING WITH INDEX 4
-----------
selected 1 / 3 pairs, sig-degree of sel. pairs: 0
symbolic pp took 1.7905e-5 seconds.
Matrix 12 : 5.585e-6 secs reduction / size = (2, 54) / density = 1.0
Pair generation took 9.219e-6 seconds.
selected 2 / 6 pairs, sig-degree of sel. pairs: 1
symbolic pp took 4.0995e-5 seconds.
Matrix 13 : 1.5611e-5 secs reduction / size = (7, 110) / density = 0.7025974025974026
Pair generation took 3.2083e-5 seconds.
selected 4 / 6 pairs, sig-degree of sel. pairs: 2
symbolic pp took 9.1732e-5 seconds.
Matrix 14 : 4.2965e-5 secs reduction / size = (17, 192) / density = 0.5291053921568627
Pair generation took 3.3571e-5 seconds.
selected 1 / 3 pairs, sig-degree of sel. pairs: 3
symbolic pp took 0.000345927 seconds.
Matrix 15 : 5.7498e-5 secs reduction / size = (85, 353) / density = 0.23982669555074154
Pair generation took 4.4067e-5 seconds.
-----------
STARTING WITH INDEX 5
-----------
selected 1 / 2 pairs, sig-degree of sel. pairs: 0
symbolic pp took 2.5818e-5 seconds.
Matrix 16 : 4.063e-6 secs reduction / size = (5, 56) / density = 0.9785714285714285
Pair generation took 1.5995e-5 seconds.
selected 3 / 4 pairs, sig-degree of sel. pairs: 1
symbolic pp took 0.000192672 seconds.
Matrix 17 : 3.7842e-5 secs reduction / size = (24, 121) / density = 0.4796831955922865
Pair generation took 5.754e-5 seconds.
selected 8 / 9 pairs, sig-degree of sel. pairs: 2
symbolic pp took 0.00023868 seconds.
Matrix 18 : 0.000153246 secs reduction / size = (64, 218) / density = 0.3476920871559633
1 zero reductions at sig-degree 2 / position 5
Pair generation took 1.066e-5 seconds.
selected 1 / 3 pairs, sig-degree of sel. pairs: 0
symbolic pp took 8.742e-6 seconds.
Matrix 19 : 1.026e-6 secs reduction / size = (1, 21) / density = 1.0
Pair generation took 1.3771e-5 seconds.
selected 2 / 5 pairs, sig-degree of sel. pairs: 1
symbolic pp took 3.1875e-5 seconds.
Matrix 20 : 1.1482e-5 secs reduction / size = (10, 56) / density = 0.6142857142857143
Pair generation took 2.8281e-5 seconds.
selected 6 / 9 pairs, sig-degree of sel. pairs: 2
symbolic pp took 0.00010384 seconds.
Matrix 21 : 6.828e-5 secs reduction / size = (34, 116) / density = 0.38894523326572006
2 zero reductions at sig-degree 2 / position 5
Pair generation took 6.0597e-5 seconds.
selected 3 / 5 pairs, sig-degree of sel. pairs: 3
symbolic pp took 0.000169892 seconds.
Matrix 22 : 0.000104484 secs reduction / size = (47, 178) / density = 0.33719818312216115
2 zero reductions at sig-degree 3 / position 5
Pair generation took 5.0028e-5 seconds.
selected 1 / 3 pairs, sig-degree of sel. pairs: 4
symbolic pp took 0.000286611 seconds.
Matrix 23 : 4.7111e-5 secs reduction / size = (77, 269) / density = 0.22990392507121132
1 zero reductions at sig-degree 4 / position 5
Pair generation took 3.951e-5 seconds.
-----------
STARTING WITH INDEX 6
-----------
selected 1 / 2 pairs, sig-degree of sel. pairs: 0
symbolic pp took 3.1628e-5 seconds.
Matrix 24 : 4.666e-6 secs reduction / size = (7, 52) / density = 0.6346153846153846
Pair generation took 2.508e-5 seconds.
selected 3 / 8 pairs, sig-degree of sel. pairs: 1
symbolic pp took 6.7631e-5 seconds.
Matrix 25 : 3.5817e-5 secs reduction / size = (22, 100) / density = 0.5418181818181819
Pair generation took 7.7671e-5 seconds.
selected 7 / 12 pairs, sig-degree of sel. pairs: 2
symbolic pp took 0.000215712 seconds.
Matrix 26 : 0.000157198 secs reduction / size = (71, 184) / density = 0.30159216166564606
Pair generation took 0.000267731 seconds.
selected 3 / 4 pairs, sig-degree of sel. pairs: 3
symbolic pp took 0.000294966 seconds.
Matrix 27 : 0.000145488 secs reduction / size = (71, 218) / density = 0.40399276392298744
1 zero reductions at sig-degree 3 / position 6
Pair generation took 8.348e-6 seconds.
selected 1 / 3 pairs, sig-degree of sel. pairs: 0
symbolic pp took 1.9049e-5 seconds.
Matrix 28 : 7.91e-7 secs reduction / size = (1, 46) / density = 1.0
Pair generation took 2.3621e-5 seconds.
selected 3 / 9 pairs, sig-degree of sel. pairs: 1
symbolic pp took 0.000113976 seconds.
Matrix 29 : 3.3549e-5 secs reduction / size = (36, 114) / density = 0.43640350877192985
3 zero reductions at sig-degree 1 / position 6
Pair generation took 8.152e-6 seconds.
selected 1 / 3 pairs, sig-degree of sel. pairs: 2
symbolic pp took 5.982e-5 seconds.
Matrix 30 : 6.399e-6 secs reduction / size = (7, 134) / density = 0.43710021321961623
1 zero reductions at sig-degree 2 / position 6
Pair generation took 4.06e-6 seconds.
-----------
STARTING WITH INDEX 7
-----------
selected 1 / 2 pairs, sig-degree of sel. pairs: 0
symbolic pp took 1.8743e-5 seconds.
Matrix 31 : 5.112e-6 secs reduction / size = (2, 46) / density = 1.0
Pair generation took 2.4227e-5 seconds.
selected 3 / 8 pairs, sig-degree of sel. pairs: 1
symbolic pp took 3.6291e-5 seconds.
Matrix 32 : 1.5225e-5 secs reduction / size = (6, 81) / density = 0.7716049382716049
Pair generation took 6.2557e-5 seconds.
selected 5 / 8 pairs, sig-degree of sel. pairs: 2
symbolic pp took 5.1242e-5 seconds.
Matrix 33 : 1.096e-6 secs reduction / size = (10, 118) / density = 0.7347457627118644
Pair generation took 8.0244e-5 seconds.
selected 2 / 3 pairs, sig-degree of sel. pairs: 3
symbolic pp took 0.000303375 seconds.
Matrix 34 : 0.000102749 secs reduction / size = (77, 218) / density = 0.35821517931609675
Pair generation took 9.3802e-5 seconds.
-----------
STARTING WITH INDEX 8
-----------
selected 1 / 1 pairs, sig-degree of sel. pairs: 0
symbolic pp took 0.00016596 seconds.
Matrix 35 : 2.6443e-5 secs reduction / size = (52, 126) / density = 0.44612332112332115
Pair generation took 3.7336e-5 seconds.
selected 4 / 10 pairs, sig-degree of sel. pairs: 1
symbolic pp took 0.000250996 seconds.
Matrix 36 : 0.000114259 secs reduction / size = (81, 183) / density = 0.32348377521419414
Pair generation took 0.000168846 seconds.
selected 11 / 14 pairs, sig-degree of sel. pairs: 2
symbolic pp took 0.000388373 seconds.
Matrix 37 : 0.000346113 secs reduction / size = (120, 241) / density = 0.28419778699861686
2 zero reductions at sig-degree 2 / position 8
Pair generation took 1.4295e-5 seconds.
selected 1 / 3 pairs, sig-degree of sel. pairs: 0
symbolic pp took 1.1809e-5 seconds.
Matrix 38 : 4.93e-7 secs reduction / size = (1, 19) / density = 1.0
Pair generation took 3.7071e-5 seconds.
selected 3 / 10 pairs, sig-degree of sel. pairs: 1
symbolic pp took 5.4205e-5 seconds.
Matrix 39 : 2.4547e-5 secs reduction / size = (16, 54) / density = 0.5682870370370371
Pair generation took 8.5669e-5 seconds.
selected 9 / 14 pairs, sig-degree of sel. pairs: 2
symbolic pp took 0.000143182 seconds.
Matrix 40 : 0.000117626 secs reduction / size = (51, 106) / density = 0.3805031446540881
2 zero reductions at sig-degree 2 / position 8
Pair generation took 0.000213841 seconds.
selected 7 / 10 pairs, sig-degree of sel. pairs: 3
symbolic pp took 0.000208441 seconds.
Matrix 41 : 0.000163395 secs reduction / size = (63, 133) / density = 0.4205752476429168
3 zero reductions at sig-degree 3 / position 8
Pair generation took 0.000178854 seconds.
selected 5 / 7 pairs, sig-degree of sel. pairs: 4
symbolic pp took 0.000198648 seconds.
Matrix 42 : 0.000133277 secs reduction / size = (59, 143) / density = 0.3978902453478725
4 zero reductions at sig-degree 4 / position 8
Pair generation took 6.9871e-5 seconds.
-----------
STARTING WITH INDEX 9
-----------
selected 1 / 2 pairs, sig-degree of sel. pairs: 0
symbolic pp took 1.3476e-5 seconds.
Matrix 43 : 3.67e-7 secs reduction / size = (2, 20) / density = 0.975
Pair generation took 4.3092e-5 seconds.
selected 4 / 8 pairs, sig-degree of sel. pairs: 1
symbolic pp took 6.8122e-5 seconds.
Matrix 44 : 2.778e-5 secs reduction / size = (23, 55) / density = 0.5762845849802372
2 zero reductions at sig-degree 1 / position 9
Pair generation took 9.4793e-5 seconds.
selected 3 / 9 pairs, sig-degree of sel. pairs: 2
symbolic pp took 0.000103936 seconds.
Matrix 45 : 3.4823e-5 secs reduction / size = (35, 82) / density = 0.5167247386759581
2 zero reductions at sig-degree 2 / position 9
Pair generation took 3.7814e-5 seconds.
selected 4 / 6 pairs, sig-degree of sel. pairs: 3
symbolic pp took 0.000102781 seconds.
Matrix 46 : 3.1977e-5 secs reduction / size = (31, 91) / density = 0.4739454094292804
3 zero reductions at sig-degree 3 / position 9
Pair generation took 3.2453e-5 seconds.
selected 2 / 4 pairs, sig-degree of sel. pairs: 4
symbolic pp took 6.9892e-5 seconds.
Matrix 47 : 9.734e-6 secs reduction / size = (18, 88) / density = 0.33964646464646464
2 zero reductions at sig-degree 4 / position 9
Pair generation took 5.99e-6 seconds.
-----------
STARTING WITH INDEX 10
-----------
selected 1 / 1 pairs, sig-degree of sel. pairs: 0
symbolic pp took 8.6025e-5 seconds.
Matrix 48 : 1.8871e-5 secs reduction / size = (28, 75) / density = 0.5347619047619048
Pair generation took 5.3412e-5 seconds.
selected 4 / 9 pairs, sig-degree of sel. pairs: 1
symbolic pp took 0.000147088 seconds.
Matrix 49 : 8.395e-5 secs reduction / size = (49, 106) / density = 0.46572968810165577
Pair generation took 0.000218525 seconds.
selected 8 / 11 pairs, sig-degree of sel. pairs: 2
symbolic pp took 0.000239033 seconds.
Matrix 50 : 0.000203968 secs reduction / size = (77, 137) / density = 0.3478054791923405
Pair generation took 0.000347646 seconds.
selected 3 / 3 pairs, sig-degree of sel. pairs: 3
symbolic pp took 0.000231965 seconds.
Matrix 51 : 0.000104789 secs reduction / size = (65, 125) / density = 0.43790769230769233
Pair generation took 0.00020473 seconds.
-----
total number of arithmetic operations (groebner): 284694
total number of arithmetic operations (module overhead): 17575
  2.126755 seconds (15.93 M allocations: 1.254 GiB, 16.64% gc time)
