-----------
STARTING WITH INDEX 1
-----------
selected 1 / 4 pairs, sig-degree of sel. pairs: 0
symbolic pp took 2.2069e-5 seconds.
Matrix 1 : 1.718e-6 secs reduction / size = (1, 11) / density = 1.0
Pair generation took 7.188e-6 seconds.
-----------
STARTING WITH INDEX 2
-----------
selected 1 / 3 pairs, sig-degree of sel. pairs: 0
symbolic pp took 2.0882e-5 seconds.
Matrix 2 : 1.631e-6 secs reduction / size = (1, 14) / density = 1.0
Pair generation took 1.6582e-5 seconds.
selected 1 / 3 pairs, sig-degree of sel. pairs: 2
symbolic pp took 0.013509834 seconds.
Matrix 3 : 0.019025925 secs reduction / size = (15, 79) / density = 0.15443037974683543
Pair generation took 2.8853e-5 seconds.
-----------
STARTING WITH INDEX 3
-----------
selected 1 / 2 pairs, sig-degree of sel. pairs: 0
symbolic pp took 1.5943e-5 seconds.
Matrix 4 : 1.658e-6 secs reduction / size = (1, 13) / density = 1.0
Pair generation took 7.709e-6 seconds.
selected 2 / 3 pairs, sig-degree of sel. pairs: 1
symbolic pp took 0.021250537 seconds.
Matrix 5 : 1.2474e-5 secs reduction / size = (10, 57) / density = 0.22807017543859648
Pair generation took 2.8184e-5 seconds.
selected 3 / 5 pairs, sig-degree of sel. pairs: 2
symbolic pp took 0.000107514 seconds.
Matrix 6 : 2.1587e-5 secs reduction / size = (36, 112) / density = 0.16046626984126985
1 zero reductions at sig-degree 2 / position 3
Pair generation took 3.5682e-5 seconds.
selected 1 / 4 pairs, sig-degree of sel. pairs: 3
symbolic pp took 7.1455e-5 seconds.
Matrix 7 : 7.289e-6 secs reduction / size = (20, 101) / density = 0.2212871287128713
1 zero reductions at sig-degree 3 / position 3
Pair generation took 9.813e-6 seconds.
-----------
STARTING WITH INDEX 4
-----------
selected 1 / 1 pairs, sig-degree of sel. pairs: 0
symbolic pp took 2.8629e-5 seconds.
Matrix 8 : 9.44e-7 secs reduction / size = (10, 55) / density = 0.3145454545454546
Pair generation took 1.2354e-5 seconds.
selected 3 / 4 pairs, sig-degree of sel. pairs: 1
symbolic pp took 9.5219e-5 seconds.
Matrix 9 : 2.379e-5 secs reduction / size = (41, 116) / density = 0.17136248948696384
Pair generation took 5.6919e-5 seconds.
selected 7 / 8 pairs, sig-degree of sel. pairs: 2
symbolic pp took 0.000149088 seconds.
Matrix 10 : 6.0004e-5 secs reduction / size = (60, 154) / density = 0.17521645021645021
3 zero reductions at sig-degree 2 / position 4
Pair generation took 5.0189e-5 seconds.
selected 3 / 4 pairs, sig-degree of sel. pairs: 3
symbolic pp took 0.0001678 seconds.
Matrix 11 : 4.0608e-5 secs reduction / size = (63, 169) / density = 0.18361979900441439
3 zero reductions at sig-degree 3 / position 4
Pair generation took 1.0627e-5 seconds.
-----
total number of arithmetic operations (groebner): 11576
total number of arithmetic operations (module overhead): 0
0.135975216
-----------
STARTING WITH INDEX 1
-----------
selected 1 / 4 pairs, sig-degree of sel. pairs: 0
symbolic pp took 2.335e-5 seconds.
Matrix 1 : 1.902e-6 secs reduction / size = (1, 11) / density = 1.0
Pair generation took 1.0562e-5 seconds.
-----------
STARTING WITH INDEX 2
-----------
selected 1 / 3 pairs, sig-degree of sel. pairs: 0
symbolic pp took 5.351e-6 seconds.
Matrix 2 : 5.08e-7 secs reduction / size = (1, 14) / density = 1.0
Pair generation took 7.008e-6 seconds.
selected 1 / 3 pairs, sig-degree of sel. pairs: 2
symbolic pp took 8.6161e-5 seconds.
Matrix 3 : 1.0434e-5 secs reduction / size = (15, 79) / density = 0.15443037974683543
Pair generation took 9.985e-6 seconds.
-----------
STARTING WITH INDEX 3
-----------
selected 1 / 2 pairs, sig-degree of sel. pairs: 0
symbolic pp took 4.311e-6 seconds.
Matrix 4 : 8.44e-7 secs reduction / size = (1, 13) / density = 1.0
Pair generation took 6.959e-6 seconds.
selected 2 / 3 pairs, sig-degree of sel. pairs: 1
symbolic pp took 3.6169e-5 seconds.
Matrix 5 : 8.031e-6 secs reduction / size = (10, 57) / density = 0.22807017543859648
Pair generation took 2.0582e-5 seconds.
selected 3 / 5 pairs, sig-degree of sel. pairs: 2
symbolic pp took 0.000110518 seconds.
Matrix 6 : 2.3826e-5 secs reduction / size = (36, 112) / density = 0.16046626984126985
1 zero reductions at sig-degree 2 / position 3
Pair generation took 2.1102e-5 seconds.
selected 1 / 3 pairs, sig-degree of sel. pairs: 0
symbolic pp took 3.816e-6 seconds.
Matrix 7 : 3.61e-7 secs reduction / size = (1, 3) / density = 1.0
Pair generation took 6.504e-6 seconds.
selected 1 / 4 pairs, sig-degree of sel. pairs: 1
symbolic pp took 9.874e-6 seconds.
Matrix 8 : 2.644e-6 secs reduction / size = (4, 14) / density = 0.35714285714285715
Pair generation took 1.1006e-5 seconds.
selected 3 / 6 pairs, sig-degree of sel. pairs: 2
symbolic pp took 3.9003e-5 seconds.
Matrix 9 : 9.511e-6 secs reduction / size = (16, 43) / density = 0.17151162790697674
2 zero reductions at sig-degree 2 / position 3
Pair generation took 1.2603e-5 seconds.
-----------
STARTING WITH INDEX 4
-----------
selected 1 / 2 pairs, sig-degree of sel. pairs: 0
symbolic pp took 4.513e-6 seconds.
Matrix 10 : 4.42e-7 secs reduction / size = (1, 13) / density = 1.0
Pair generation took 9.867e-6 seconds.
selected 2 / 3 pairs, sig-degree of sel. pairs: 1
symbolic pp took 3.5458e-5 seconds.
Matrix 11 : 5.772e-6 secs reduction / size = (12, 53) / density = 0.18238993710691823
Pair generation took 2.4015e-5 seconds.
selected 2 / 4 pairs, sig-degree of sel. pairs: 2
symbolic pp took 0.000129051 seconds.
Matrix 12 : 2.6328e-5 secs reduction / size = (55, 111) / density = 0.12596232596232596
Pair generation took 3.3387e-5 seconds.
-----------
STARTING WITH INDEX 5
-----------
selected 1 / 1 pairs, sig-degree of sel. pairs: 0
symbolic pp took 4.1657e-5 seconds.
Matrix 13 : 8.56e-7 secs reduction / size = (17, 55) / density = 0.22459893048128343
Pair generation took 1.8602e-5 seconds.
selected 3 / 4 pairs, sig-degree of sel. pairs: 1
symbolic pp took 0.000141693 seconds.
Matrix 14 : 3.8552e-5 secs reduction / size = (64, 116) / density = 0.13092672413793102
Pair generation took 6.1486e-5 seconds.
selected 6 / 6 pairs, sig-degree of sel. pairs: 2
symbolic pp took 0.000189457 seconds.
Matrix 15 : 8.7013e-5 secs reduction / size = (86, 144) / density = 0.1308139534883721
2 zero reductions at sig-degree 2 / position 5
Pair generation took 1.1985e-5 seconds.
selected 1 / 3 pairs, sig-degree of sel. pairs: 0
symbolic pp took 3.968e-6 seconds.
Matrix 16 : 3.21e-7 secs reduction / size = (1, 3) / density = 1.0
Pair generation took 1.6669e-5 seconds.
selected 2 / 8 pairs, sig-degree of sel. pairs: 1
symbolic pp took 1.5216e-5 seconds.
Matrix 17 : 4.238e-6 secs reduction / size = (7, 18) / density = 0.23015873015873015
Pair generation took 2.6132e-5 seconds.
selected 5 / 9 pairs, sig-degree of sel. pairs: 2
symbolic pp took 3.0246e-5 seconds.
Matrix 18 : 1.3567e-5 secs reduction / size = (16, 32) / density = 0.236328125
2 zero reductions at sig-degree 2 / position 5
Pair generation took 3.4575e-5 seconds.
selected 3 / 5 pairs, sig-degree of sel. pairs: 3
symbolic pp took 7.1038e-5 seconds.
Matrix 19 : 2.0847e-5 secs reduction / size = (34, 58) / density = 0.17596348884381338
1 zero reductions at sig-degree 3 / position 5
Pair generation took 2.2428e-5 seconds.
selected 1 / 3 pairs, sig-degree of sel. pairs: 4
symbolic pp took 5.4052e-5 seconds.
Matrix 20 : 8.999e-6 secs reduction / size = (24, 53) / density = 0.15880503144654087
Pair generation took 1.4942e-5 seconds.
-----------
STARTING WITH INDEX 6
-----------
selected 1 / 2 pairs, sig-degree of sel. pairs: 0
symbolic pp took 4.781e-6 seconds.
Matrix 21 : 2.602e-6 secs reduction / size = (2, 4) / density = 1.0
1 zero reductions at sig-degree 0 / position 6
Pair generation took 2.08e-6 seconds.
-----------
STARTING WITH INDEX 7
-----------
selected 1 / 1 pairs, sig-degree of sel. pairs: 0
symbolic pp took 6.424e-5 seconds.
Matrix 22 : 9.83e-7 secs reduction / size = (31, 55) / density = 0.19765395894428153
Pair generation took 1.4586e-5 seconds.
selected 3 / 4 pairs, sig-degree of sel. pairs: 1
symbolic pp took 6.9298e-5 seconds.
Matrix 23 : 2.33e-5 secs reduction / size = (35, 63) / density = 0.20861678004535147
Pair generation took 6.3435e-5 seconds.
selected 3 / 3 pairs, sig-degree of sel. pairs: 2
symbolic pp took 0.000207566 seconds.
Matrix 24 : 5.0018e-5 secs reduction / size = (94, 122) / density = 0.11257411928845483
Pair generation took 7.2064e-5 seconds.
-----
total number of arithmetic operations (groebner): 12975
total number of arithmetic operations (module overhead): 453
2.122384786
