-----------
STARTING WITH INDEX 1
-----------
selected 1 / 5 pairs, sig-degree of sel. pairs: 0
symbolic pp took 3.1792e-5 seconds.
Matrix 1 : 2.581e-6 secs reduction / size = (1, 28) / density = 1.0
Pair generation took 1.0329e-5 seconds.
-----------
STARTING WITH INDEX 2
-----------
selected 1 / 4 pairs, sig-degree of sel. pairs: 0
symbolic pp took 2.3604e-5 seconds.
Matrix 2 : 2.631e-6 secs reduction / size = (1, 28) / density = 1.0
Pair generation took 1.6848e-5 seconds.
selected 1 / 4 pairs, sig-degree of sel. pairs: 1
symbolic pp took 0.014240996 seconds.
Matrix 3 : 0.020668572 secs reduction / size = (7, 86) / density = 0.32558139534883723
Pair generation took 3.7672e-5 seconds.
selected 1 / 5 pairs, sig-degree of sel. pairs: 2
symbolic pp took 0.000165269 seconds.
Matrix 4 : 1.4516e-5 secs reduction / size = (19, 162) / density = 0.24041585445094216
Pair generation took 1.2205e-5 seconds.
selected 1 / 4 pairs, sig-degree of sel. pairs: 3
symbolic pp took 0.000201082 seconds.
Matrix 5 : 2.0673e-5 secs reduction / size = (21, 272) / density = 0.19747899159663865
Pair generation took 1.2107e-5 seconds.
-----------
STARTING WITH INDEX 3
-----------
selected 1 / 3 pairs, sig-degree of sel. pairs: 0
symbolic pp took 1.4161e-5 seconds.
Matrix 6 : 3.152e-6 secs reduction / size = (2, 35) / density = 0.8142857142857143
Pair generation took 1.1605e-5 seconds.
selected 2 / 5 pairs, sig-degree of sel. pairs: 1
symbolic pp took 0.022438318 seconds.
Matrix 7 : 1.9543e-5 secs reduction / size = (11, 92) / density = 0.3794466403162055
Pair generation took 4.1082e-5 seconds.
selected 5 / 8 pairs, sig-degree of sel. pairs: 2
symbolic pp took 0.000155603 seconds.
Matrix 8 : 7.3683e-5 secs reduction / size = (39, 198) / density = 0.2612017612017612
Pair generation took 7.1248e-5 seconds.
selected 3 / 7 pairs, sig-degree of sel. pairs: 3
symbolic pp took 0.000384093 seconds.
Matrix 9 : 0.000107537 secs reduction / size = (95, 356) / density = 0.20496747486694264
Pair generation took 7.5442e-5 seconds.
selected 3 / 7 pairs, sig-degree of sel. pairs: 4
symbolic pp took 0.000831453 seconds.
Matrix 10 : 0.000267213 secs reduction / size = (164, 549) / density = 0.15447154471544716
Pair generation took 0.00015181 seconds.
selected 2 / 5 pairs, sig-degree of sel. pairs: 5
symbolic pp took 0.001539733 seconds.
Matrix 11 : 0.000348697 secs reduction / size = (298, 837) / density = 0.1079318114390641
Pair generation took 0.000172091 seconds.
selected 1 / 3 pairs, sig-degree of sel. pairs: 6
symbolic pp took 0.001474318 seconds.
Matrix 12 : 0.000217061 secs reduction / size = (281, 921) / density = 0.09257692203662274
Pair generation took 0.000125312 seconds.
selected 1 / 3 pairs, sig-degree of sel. pairs: 7
symbolic pp took 0.002018105 seconds.
Matrix 13 : 0.000313341 secs reduction / size = (375, 1191) / density = 0.0792544080604534
Pair generation took 0.000197235 seconds.
selected 1 / 3 pairs, sig-degree of sel. pairs: 8
symbolic pp took 0.002773609 seconds.
Matrix 14 : 0.000422914 secs reduction / size = (484, 1497) / density = 0.07065922478565947
Pair generation took 0.000272808 seconds.
-----------
STARTING WITH INDEX 4
-----------
selected 1 / 2 pairs, sig-degree of sel. pairs: 0
symbolic pp took 2.6063e-5 seconds.
Matrix 15 : 5.816e-6 secs reduction / size = (4, 45) / density = 0.65
Pair generation took 3.546e-5 seconds.
selected 3 / 6 pairs, sig-degree of sel. pairs: 1
symbolic pp took 7.6821e-5 seconds.
Matrix 16 : 2.4535e-5 secs reduction / size = (20, 110) / density = 0.36954545454545457
Pair generation took 8.1945e-5 seconds.
selected 7 / 14 pairs, sig-degree of sel. pairs: 2
symbolic pp took 0.000204544 seconds.
Matrix 17 : 0.000156284 secs reduction / size = (58, 211) / density = 0.30348096094133026
Pair generation took 0.000205081 seconds.
selected 11 / 21 pairs, sig-degree of sel. pairs: 3
symbolic pp took 0.000502952 seconds.
Matrix 18 : 0.000627774 secs reduction / size = (129, 355) / density = 0.22672780871274156
Pair generation took 0.000557613 seconds.
selected 7 / 16 pairs, sig-degree of sel. pairs: 4
symbolic pp took 0.001334347 seconds.
Matrix 19 : 0.001614359 secs reduction / size = (289, 594) / density = 0.17132687893933568
Pair generation took 0.001371922 seconds.
selected 6 / 12 pairs, sig-degree of sel. pairs: 5
symbolic pp took 0.002601514 seconds.
Matrix 20 : 0.002422956 secs reduction / size = (481, 858) / density = 0.13652598267982882
Pair generation took 0.001555285 seconds.
selected 4 / 11 pairs, sig-degree of sel. pairs: 6
symbolic pp took 0.021157733 seconds.
Matrix 21 : 0.004810527 secs reduction / size = (739, 1192) / density = 0.11230712644513263
Pair generation took 0.002356853 seconds.
selected 2 / 9 pairs, sig-degree of sel. pairs: 7
symbolic pp took 0.009427278 seconds.
Matrix 22 : 0.00977003 secs reduction / size = (1414, 1926) / density = 0.06820057840229951
Pair generation took 0.002509897 seconds.
selected 2 / 7 pairs, sig-degree of sel. pairs: 8
symbolic pp took 0.017471169 seconds.
Matrix 23 : 0.020759707 secs reduction / size = (2237, 2825) / density = 0.047876066634754987
Pair generation took 0.001764591 seconds.
selected 1 / 8 pairs, sig-degree of sel. pairs: 9
symbolic pp took 0.011636508 seconds.
Matrix 24 : 0.005818993 secs reduction / size = (1581, 2238) / density = 0.06354051321009825
Pair generation took 0.001548384 seconds.
selected 1 / 9 pairs, sig-degree of sel. pairs: 10
symbolic pp took 0.01251657 seconds.
Matrix 25 : 0.008298867 secs reduction / size = (1568, 2298) / density = 0.07189315021047583
Pair generation took 0.00196923 seconds.
selected 2 / 3 pairs, sig-degree of sel. pairs: 11
symbolic pp took 0.030284448 seconds.
Matrix 26 : 0.010586996 secs reduction / size = (2158, 2962) / density = 0.059868153859921065
Pair generation took 0.002351835 seconds.
selected 1 / 3 pairs, sig-degree of sel. pairs: 12
symbolic pp took 0.030350699 seconds.
Matrix 27 : 0.020659674 secs reduction / size = (3139, 4017) / density = 0.04390412108843246
Pair generation took 0.002967779 seconds.
selected 2 / 5 pairs, sig-degree of sel. pairs: 13
symbolic pp took 0.045202515 seconds.
Matrix 28 : 0.024185078 secs reduction / size = (4154, 5105) / density = 0.03513251096261135
Pair generation took 0.003520811 seconds.
selected 1 / 4 pairs, sig-degree of sel. pairs: 14
symbolic pp took 0.070092601 seconds.
Matrix 29 : 0.014741589 secs reduction / size = (5328, 6353) / density = 0.028537568735113202
Pair generation took 0.004515717 seconds.
selected 1 / 5 pairs, sig-degree of sel. pairs: 15
symbolic pp took 0.097188865 seconds.
Matrix 30 : 0.025373781 secs reduction / size = (7049, 8087) / density = 0.021666490688763248
Pair generation took 0.004250911 seconds.
selected 1 / 6 pairs, sig-degree of sel. pairs: 16
symbolic pp took 0.046564523 seconds.
Matrix 31 : 0.010913974 secs reduction / size = (4286, 5398) / density = 0.03350288565423291
Pair generation took 0.002921133 seconds.
selected 1 / 2 pairs, sig-degree of sel. pairs: 17
symbolic pp took 0.066242537 seconds.
Matrix 32 : 0.011407641 secs reduction / size = (5551, 6736) / density = 0.02781193583489055
Pair generation took 0.003961685 seconds.
selected 1 / 7 pairs, sig-degree of sel. pairs: 18
symbolic pp took 0.100772436 seconds.
Matrix 33 : 0.023605454 secs reduction / size = (6978, 8237) / density = 0.02333203996410022
Pair generation took 0.004239332 seconds.
selected 1 / 2 pairs, sig-degree of sel. pairs: 19
symbolic pp took 0.135626499 seconds.
Matrix 34 : 0.010999163 secs reduction / size = (8749, 10082) / density = 0.0191408731632979
Pair generation took 0.01476818 seconds.
selected 1 / 7 pairs, sig-degree of sel. pairs: 20
symbolic pp took 0.182357036 seconds.
Matrix 35 : 0.014615125 secs reduction / size = (11081, 12487) / density = 0.015148121160888652
Pair generation took 0.007572494 seconds.
-----------
STARTING WITH INDEX 5
-----------
selected 1 / 1 pairs, sig-degree of sel. pairs: 0
symbolic pp took 0.00018065 seconds.
Matrix 36 : 1.6148e-5 secs reduction / size = (17, 104) / density = 0.47228506787330315
Pair generation took 0.000298499 seconds.
selected 4 / 14 pairs, sig-degree of sel. pairs: 1
symbolic pp took 0.000353964 seconds.
Matrix 37 : 0.000115781 secs reduction / size = (60, 207) / density = 0.32689210950080516
Pair generation took 0.000988883 seconds.
selected 12 / 57 pairs, sig-degree of sel. pairs: 2
symbolic pp took 0.000866791 seconds.
Matrix 38 : 0.000700981 secs reduction / size = (146, 351) / density = 0.2508488467392577
Pair generation took 0.002399319 seconds.
selected 18 / 44 pairs, sig-degree of sel. pairs: 3
symbolic pp took 0.001499139 seconds.
Matrix 39 : 0.001941487 secs reduction / size = (254, 490) / density = 0.22318817290695805
Pair generation took 0.003945262 seconds.
selected 19 / 44 pairs, sig-degree of sel. pairs: 4
symbolic pp took 0.002822841 seconds.
Matrix 40 : 0.004231181 secs reduction / size = (432, 696) / density = 0.17826069604086844
1 zero reductions at sig-degree 4 / position 5
Pair generation took 0.01411859 seconds.
selected 30 / 77 pairs, sig-degree of sel. pairs: 5
symbolic pp took 0.006331316 seconds.
Matrix 41 : 0.015596711 secs reduction / size = (840, 1119) / density = 0.12492127324567003
4 zero reductions at sig-degree 5 / position 5
Pair generation took 0.006565196 seconds.
selected 39 / 90 pairs, sig-degree of sel. pairs: 6
symbolic pp took 0.008024191 seconds.
Matrix 42 : 0.030703503 secs reduction / size = (1016, 1303) / density = 0.11170844386968896
6 zero reductions at sig-degree 6 / position 5
Pair generation took 0.006725892 seconds.
selected 11 / 50 pairs, sig-degree of sel. pairs: 7
symbolic pp took 0.010014159 seconds.
Matrix 43 : 0.009002536 secs reduction / size = (1129, 1427) / density = 0.11289734917443732
5 zero reductions at sig-degree 7 / position 5
Pair generation took 0.002504826 seconds.
selected 5 / 31 pairs, sig-degree of sel. pairs: 8
symbolic pp took 0.016486005 seconds.
Matrix 44 : 0.015018736 secs reduction / size = (1662, 1962) / density = 0.07871949716085774
1 zero reductions at sig-degree 8 / position 5
Pair generation took 0.002270035 seconds.
selected 2 / 19 pairs, sig-degree of sel. pairs: 9
symbolic pp took 0.02944339 seconds.
Matrix 45 : 0.007432952 secs reduction / size = (2612, 2924) / density = 0.05163412368045619
2 zero reductions at sig-degree 9 / position 5
Pair generation took 0.001802747 seconds.
selected 1 / 7 pairs, sig-degree of sel. pairs: 10
symbolic pp took 0.012391987 seconds.
Matrix 46 : 0.004810836 secs reduction / size = (1220, 1547) / density = 0.11294414360952451
Pair generation took 0.001680013 seconds.
selected 1 / 1 pairs, sig-degree of sel. pairs: 11
symbolic pp took 0.012554776 seconds.
Matrix 47 : 0.013206749 secs reduction / size = (1232, 1561) / density = 0.11261252360707838
Pair generation took 0.00133929 seconds.
selected 1 / 1 pairs, sig-degree of sel. pairs: 12
symbolic pp took 0.013970443 seconds.
Matrix 48 : 0.005449555 secs reduction / size = (1334, 1676) / density = 0.10212390821295796
Pair generation took 0.001327345 seconds.
selected 1 / 1 pairs, sig-degree of sel. pairs: 13
symbolic pp took 0.01753215 seconds.
Matrix 49 : 0.005242565 secs reduction / size = (1572, 1927) / density = 0.09058530775335365
Pair generation took 0.001307112 seconds.
selected 1 / 1 pairs, sig-degree of sel. pairs: 14
symbolic pp took 0.023503598 seconds.
Matrix 50 : 0.014962345 secs reduction / size = (2089, 2457) / density = 0.06794179173307943
Pair generation took 0.001307365 seconds.
selected 1 / 1 pairs, sig-degree of sel. pairs: 15
symbolic pp took 0.028125846 seconds.
Matrix 51 : 0.00559153 secs reduction / size = (2356, 2737) / density = 0.06114349482318948
Pair generation took 0.00144068 seconds.
selected 1 / 1 pairs, sig-degree of sel. pairs: 16
symbolic pp took 0.034572826 seconds.
Matrix 52 : 0.014388253 secs reduction / size = (2759, 3153) / density = 0.054113131122237895
Pair generation took 0.001195774 seconds.
selected 1 / 1 pairs, sig-degree of sel. pairs: 17
symbolic pp took 0.045365561 seconds.
Matrix 53 : 0.004975524 secs reduction / size = (3531, 3938) / density = 0.04199027146773287
Pair generation took 0.001473876 seconds.
selected 1 / 1 pairs, sig-degree of sel. pairs: 18
symbolic pp took 0.052773364 seconds.
Matrix 54 : 0.005120682 secs reduction / size = (3926, 4346) / density = 0.038128408225902154
Pair generation took 0.001452314 seconds.
-----
total number of arithmetic operations (groebner): 42403766
total number of arithmetic operations (module overhead): 0
2.39757531
-----------
STARTING WITH INDEX 1
-----------
selected 1 / 5 pairs, sig-degree of sel. pairs: 0
symbolic pp took 3.4344e-5 seconds.
Matrix 1 : 3.699e-6 secs reduction / size = (1, 28) / density = 1.0
Pair generation took 1.6916e-5 seconds.
-----------
STARTING WITH INDEX 2
-----------
selected 1 / 4 pairs, sig-degree of sel. pairs: 0
symbolic pp took 6.845e-6 seconds.
Matrix 2 : 1.005e-6 secs reduction / size = (1, 28) / density = 1.0
Pair generation took 7.28e-6 seconds.
selected 1 / 4 pairs, sig-degree of sel. pairs: 1
symbolic pp took 5.8424e-5 seconds.
Matrix 3 : 7.946e-6 secs reduction / size = (7, 86) / density = 0.32558139534883723
Pair generation took 1.0031e-5 seconds.
selected 1 / 5 pairs, sig-degree of sel. pairs: 2
symbolic pp took 0.000129454 seconds.
Matrix 4 : 1.4557e-5 secs reduction / size = (19, 162) / density = 0.24041585445094216
Pair generation took 1.0477e-5 seconds.
selected 1 / 4 pairs, sig-degree of sel. pairs: 3
symbolic pp took 0.00019986 seconds.
Matrix 5 : 1.8311e-5 secs reduction / size = (21, 272) / density = 0.19747899159663865
Pair generation took 1.0927e-5 seconds.
-----------
STARTING WITH INDEX 3
-----------
selected 1 / 3 pairs, sig-degree of sel. pairs: 0
symbolic pp took 1.3207e-5 seconds.
Matrix 6 : 3.313e-6 secs reduction / size = (2, 35) / density = 0.8142857142857143
Pair generation took 1.4189e-5 seconds.
selected 2 / 5 pairs, sig-degree of sel. pairs: 1
symbolic pp took 4.5911e-5 seconds.
Matrix 7 : 1.0536e-5 secs reduction / size = (11, 92) / density = 0.3794466403162055
Pair generation took 1.9929e-5 seconds.
selected 5 / 8 pairs, sig-degree of sel. pairs: 2
symbolic pp took 0.00013807 seconds.
Matrix 8 : 7.8216e-5 secs reduction / size = (39, 198) / density = 0.2612017612017612
Pair generation took 7.5884e-5 seconds.
selected 3 / 7 pairs, sig-degree of sel. pairs: 3
symbolic pp took 0.000398953 seconds.
Matrix 9 : 0.000141072 secs reduction / size = (95, 356) / density = 0.20496747486694264
Pair generation took 9.0568e-5 seconds.
selected 3 / 7 pairs, sig-degree of sel. pairs: 4
symbolic pp took 0.000869562 seconds.
Matrix 10 : 0.000297322 secs reduction / size = (164, 549) / density = 0.15447154471544716
Pair generation took 0.000127136 seconds.
selected 2 / 5 pairs, sig-degree of sel. pairs: 5
symbolic pp took 0.00159031 seconds.
Matrix 11 : 0.000386757 secs reduction / size = (298, 837) / density = 0.1079318114390641
Pair generation took 0.00019537 seconds.
selected 1 / 3 pairs, sig-degree of sel. pairs: 6
symbolic pp took 0.001472322 seconds.
Matrix 12 : 0.000217357 secs reduction / size = (281, 921) / density = 0.09257692203662274
Pair generation took 0.000155441 seconds.
selected 1 / 3 pairs, sig-degree of sel. pairs: 7
symbolic pp took 0.002086628 seconds.
Matrix 13 : 0.000323258 secs reduction / size = (375, 1191) / density = 0.0792544080604534
Pair generation took 0.000260029 seconds.
selected 1 / 3 pairs, sig-degree of sel. pairs: 8
symbolic pp took 0.002943749 seconds.
Matrix 14 : 0.000471948 secs reduction / size = (484, 1497) / density = 0.07065922478565947
Pair generation took 0.000374565 seconds.
-----------
STARTING WITH INDEX 4
-----------
selected 1 / 2 pairs, sig-degree of sel. pairs: 0
symbolic pp took 2.8589e-5 seconds.
Matrix 15 : 6.247e-6 secs reduction / size = (4, 45) / density = 0.65
Pair generation took 3.846e-5 seconds.
selected 3 / 6 pairs, sig-degree of sel. pairs: 1
symbolic pp took 8.59e-5 seconds.
Matrix 16 : 2.7623e-5 secs reduction / size = (20, 110) / density = 0.36954545454545457
Pair generation took 8.4604e-5 seconds.
selected 7 / 14 pairs, sig-degree of sel. pairs: 2
symbolic pp took 0.000218151 seconds.
Matrix 17 : 0.000167532 secs reduction / size = (58, 211) / density = 0.30348096094133026
Pair generation took 0.000208917 seconds.
selected 11 / 21 pairs, sig-degree of sel. pairs: 3
symbolic pp took 0.000511722 seconds.
Matrix 18 : 0.000664236 secs reduction / size = (124, 350) / density = 0.22193548387096773
Pair generation took 0.000562429 seconds.
selected 7 / 16 pairs, sig-degree of sel. pairs: 4
symbolic pp took 0.001414647 seconds.
Matrix 19 : 0.001778777 secs reduction / size = (289, 594) / density = 0.17132687893933568
Pair generation took 0.001382817 seconds.
selected 6 / 12 pairs, sig-degree of sel. pairs: 5
symbolic pp took 0.016130545 seconds.
Matrix 20 : 0.002262705 secs reduction / size = (481, 858) / density = 0.13652598267982882
Pair generation took 0.001459806 seconds.
selected 4 / 11 pairs, sig-degree of sel. pairs: 6
symbolic pp took 0.004356639 seconds.
Matrix 21 : 0.005386394 secs reduction / size = (739, 1192) / density = 0.11230712644513263
Pair generation took 0.002050856 seconds.
selected 2 / 9 pairs, sig-degree of sel. pairs: 7
symbolic pp took 0.009709593 seconds.
Matrix 22 : 0.010747673 secs reduction / size = (1414, 1926) / density = 0.06820057840229951
Pair generation took 0.002734337 seconds.
selected 2 / 7 pairs, sig-degree of sel. pairs: 8
symbolic pp took 0.027637482 seconds.
Matrix 23 : 0.006999373 secs reduction / size = (2237, 2825) / density = 0.047876066634754987
Pair generation took 0.001644798 seconds.
selected 1 / 8 pairs, sig-degree of sel. pairs: 9
symbolic pp took 0.011648829 seconds.
Matrix 24 : 0.006069916 secs reduction / size = (1581, 2238) / density = 0.06354051321009825
Pair generation took 0.001797525 seconds.
selected 1 / 9 pairs, sig-degree of sel. pairs: 10
symbolic pp took 0.013621587 seconds.
Matrix 25 : 0.008593402 secs reduction / size = (1568, 2298) / density = 0.07189315021047583
Pair generation took 0.001869035 seconds.
selected 2 / 3 pairs, sig-degree of sel. pairs: 11
symbolic pp took 0.019954004 seconds.
Matrix 26 : 0.017406849 secs reduction / size = (2158, 2962) / density = 0.059868153859921065
Pair generation took 0.002740194 seconds.
selected 1 / 3 pairs, sig-degree of sel. pairs: 12
symbolic pp took 0.032600842 seconds.
Matrix 27 : 0.021182501 secs reduction / size = (3139, 4017) / density = 0.04390412108843246
Pair generation took 0.003859403 seconds.
selected 2 / 5 pairs, sig-degree of sel. pairs: 13
symbolic pp took 0.049498369 seconds.
Matrix 28 : 0.019930089 secs reduction / size = (4154, 5105) / density = 0.03513251096261135
Pair generation took 0.00572154 seconds.
selected 1 / 4 pairs, sig-degree of sel. pairs: 14
symbolic pp took 0.073397121 seconds.
Matrix 29 : 0.017966517 secs reduction / size = (5328, 6353) / density = 0.028537568735113202
Pair generation took 0.006303113 seconds.
selected 1 / 5 pairs, sig-degree of sel. pairs: 15
symbolic pp took 0.104366542 seconds.
Matrix 30 : 0.021022906 secs reduction / size = (7049, 8087) / density = 0.021666490688763248
Pair generation took 0.014343719 seconds.
selected 1 / 6 pairs, sig-degree of sel. pairs: 16
symbolic pp took 0.053924653 seconds.
Matrix 31 : 0.023484683 secs reduction / size = (4286, 5398) / density = 0.03350288565423291
Pair generation took 0.005085051 seconds.
selected 1 / 2 pairs, sig-degree of sel. pairs: 17
symbolic pp took 0.083558621 seconds.
Matrix 32 : 0.018314928 secs reduction / size = (5551, 6736) / density = 0.02781193583489055
Pair generation took 0.005717354 seconds.
selected 1 / 7 pairs, sig-degree of sel. pairs: 18
symbolic pp took 0.113011081 seconds.
Matrix 33 : 0.026715989 secs reduction / size = (6978, 8237) / density = 0.02333203996410022
Pair generation took 0.008351007 seconds.
selected 1 / 2 pairs, sig-degree of sel. pairs: 19
symbolic pp took 0.156240012 seconds.
Matrix 34 : 0.01408871 secs reduction / size = (8749, 10082) / density = 0.0191408731632979
Pair generation took 0.012730804 seconds.
selected 1 / 7 pairs, sig-degree of sel. pairs: 20
symbolic pp took 0.210589471 seconds.
Matrix 35 : 0.025670002 secs reduction / size = (11081, 12487) / density = 0.015148121160888652
Pair generation took 0.012964337 seconds.
-----------
STARTING WITH INDEX 5
-----------
selected 1 / 1 pairs, sig-degree of sel. pairs: 0
symbolic pp took 0.000172017 seconds.
Matrix 36 : 1.8924e-5 secs reduction / size = (17, 104) / density = 0.47228506787330315
Pair generation took 0.000274338 seconds.
selected 4 / 14 pairs, sig-degree of sel. pairs: 1
symbolic pp took 0.000354188 seconds.
Matrix 37 : 9.2494e-5 secs reduction / size = (60, 207) / density = 0.32689210950080516
Pair generation took 0.00090321 seconds.
selected 12 / 57 pairs, sig-degree of sel. pairs: 2
symbolic pp took 0.000813245 seconds.
Matrix 38 : 0.000627075 secs reduction / size = (146, 351) / density = 0.2508488467392577
Pair generation took 0.001930878 seconds.
selected 18 / 44 pairs, sig-degree of sel. pairs: 3
symbolic pp took 0.001429093 seconds.
Matrix 39 : 0.001760427 secs reduction / size = (254, 490) / density = 0.22318817290695805
Pair generation took 0.003233865 seconds.
selected 19 / 44 pairs, sig-degree of sel. pairs: 4
symbolic pp took 0.002646142 seconds.
Matrix 40 : 0.004196465 secs reduction / size = (432, 696) / density = 0.17826069604086844
1 zero reductions at sig-degree 4 / position 5
Pair generation took 3.5093e-5 seconds.
selected 1 / 2 pairs, sig-degree of sel. pairs: 0
symbolic pp took 0.000133217 seconds.
Matrix 41 : 1.638e-6 secs reduction / size = (9, 98) / density = 0.40816326530612246
Pair generation took 0.000277084 seconds.
selected 4 / 15 pairs, sig-degree of sel. pairs: 1
symbolic pp took 0.000400755 seconds.
Matrix 42 : 0.000131673 secs reduction / size = (67, 216) / density = 0.2986456605859591
Pair generation took 0.000777702 seconds.
selected 12 / 52 pairs, sig-degree of sel. pairs: 2
symbolic pp took 0.00085965 seconds.
Matrix 43 : 0.000728263 secs reduction / size = (160, 368) / density = 0.23960597826086957
4 zero reductions at sig-degree 2 / position 5
Pair generation took 0.001079154 seconds.
selected 9 / 73 pairs, sig-degree of sel. pairs: 3
symbolic pp took 0.001570835 seconds.
Matrix 44 : 0.001008093 secs reduction / size = (281, 553) / density = 0.18755671104876023
4 zero reductions at sig-degree 3 / position 5
Pair generation took 0.000970026 seconds.
selected 5 / 60 pairs, sig-degree of sel. pairs: 4
symbolic pp took 0.002880732 seconds.
Matrix 45 : 0.00933401 secs reduction / size = (401, 732) / density = 0.20106155376585857
4 zero reductions at sig-degree 4 / position 5
Pair generation took 0.001310593 seconds.
selected 1 / 29 pairs, sig-degree of sel. pairs: 5
symbolic pp took 0.002491117 seconds.
Matrix 46 : 0.001384706 secs reduction / size = (334, 728) / density = 0.20646755938672107
Pair generation took 0.000564692 seconds.
selected 1 / 29 pairs, sig-degree of sel. pairs: 6
symbolic pp took 0.00352697 seconds.
Matrix 47 : 0.001862386 secs reduction / size = (455, 909) / density = 0.16837485946396838
Pair generation took 0.000598512 seconds.
selected 1 / 22 pairs, sig-degree of sel. pairs: 7
symbolic pp took 0.005375415 seconds.
Matrix 48 : 0.002124202 secs reduction / size = (677, 1192) / density = 0.1289629038493948
Pair generation took 0.000545285 seconds.
selected 1 / 15 pairs, sig-degree of sel. pairs: 8
symbolic pp took 0.007482927 seconds.
Matrix 49 : 0.002410425 secs reduction / size = (947, 1523) / density = 0.09643127795485068
Pair generation took 0.000538272 seconds.
selected 1 / 8 pairs, sig-degree of sel. pairs: 9
symbolic pp took 0.009027612 seconds.
Matrix 50 : 0.002111348 secs reduction / size = (1121, 1757) / density = 0.08348763731870022
Pair generation took 0.000434514 seconds.
selected 1 / 2 pairs, sig-degree of sel. pairs: 10
symbolic pp took 0.009596912 seconds.
Matrix 51 : 0.00235378 secs reduction / size = (1178, 1823) / density = 0.08011291300464635
Pair generation took 0.000416254 seconds.
selected 1 / 2 pairs, sig-degree of sel. pairs: 11
symbolic pp took 0.014866092 seconds.
Matrix 52 : 0.001847161 secs reduction / size = (1658, 2364) / density = 0.06546784395608433
Pair generation took 0.000323476 seconds.
selected 1 / 2 pairs, sig-degree of sel. pairs: 12
symbolic pp took 0.019342083 seconds.
Matrix 53 : 0.002504081 secs reduction / size = (2086, 2853) / density = 0.055417435818850086
Pair generation took 0.000349532 seconds.
-----------
STARTING WITH INDEX 6
-----------
selected 1 / 1 pairs, sig-degree of sel. pairs: 0
symbolic pp took 0.000147203 seconds.
Matrix 54 : 1.2413e-5 secs reduction / size = (10, 98) / density = 0.45714285714285713
Pair generation took 0.000326109 seconds.
selected 4 / 13 pairs, sig-degree of sel. pairs: 1
symbolic pp took 0.000196611 seconds.
Matrix 55 : 4.0164e-5 secs reduction / size = (10, 152) / density = 0.8967105263157895
Pair generation took 0.001142383 seconds.
selected 14 / 87 pairs, sig-degree of sel. pairs: 2
symbolic pp took 0.000319204 seconds.
Matrix 56 : 0.000243573 secs reduction / size = (24, 206) / density = 0.804004854368932
Pair generation took 0.003214073 seconds.
selected 19 / 55 pairs, sig-degree of sel. pairs: 3
symbolic pp took 0.000602867 seconds.
Matrix 57 : 0.000800069 secs reduction / size = (62, 273) / density = 0.7336051045728466
Pair generation took 0.003734479 seconds.
selected 20 / 61 pairs, sig-degree of sel. pairs: 4
symbolic pp took 0.003428021 seconds.
Matrix 58 : 0.005281772 secs reduction / size = (507, 733) / density = 0.17586261641251671
Pair generation took 0.005365605 seconds.
selected 20 / 92 pairs, sig-degree of sel. pairs: 5
symbolic pp took 0.006720517 seconds.
Matrix 59 : 0.011310956 secs reduction / size = (865, 1094) / density = 0.1259365324259492
Pair generation took 0.005860821 seconds.
selected 26 / 40 pairs, sig-degree of sel. pairs: 6
symbolic pp took 0.060198091 seconds.
Matrix 60 : 0.016205516 secs reduction / size = (838, 1064) / density = 0.1374591759829167
Pair generation took 0.006010896 seconds.
selected 7 / 22 pairs, sig-degree of sel. pairs: 7
symbolic pp took 0.009837619 seconds.
Matrix 61 : 0.00522859 secs reduction / size = (1071, 1288) / density = 0.11316410622219902
Pair generation took 0.002733563 seconds.
selected 5 / 14 pairs, sig-degree of sel. pairs: 8
symbolic pp took 0.01204942 seconds.
Matrix 62 : 0.149852905 secs reduction / size = (1175, 1391) / density = 0.11681967664469156
Pair generation took 0.001905796 seconds.
selected 3 / 10 pairs, sig-degree of sel. pairs: 9
symbolic pp took 0.019709619 seconds.
Matrix 63 : 0.00209783 secs reduction / size = (1711, 1927) / density = 0.08758007422893534
Pair generation took 0.001618024 seconds.
selected 2 / 6 pairs, sig-degree of sel. pairs: 10
symbolic pp took 0.033154258 seconds.
Matrix 64 : 0.001915956 secs reduction / size = (2352, 2568) / density = 0.06836165151418823
Pair generation took 0.001553925 seconds.
selected 1 / 4 pairs, sig-degree of sel. pairs: 11
symbolic pp took 0.146772278 seconds.
Matrix 65 : 0.001494081 secs reduction / size = (2493, 2706) / density = 0.06328154901721865
Pair generation took 0.001118036 seconds.
selected 1 / 3 pairs, sig-degree of sel. pairs: 12
symbolic pp took 0.034045994 seconds.
Matrix 66 : 0.001357599 secs reduction / size = (2492, 2703) / density = 0.06328709138944957
Pair generation took 0.001002972 seconds.
selected 1 / 2 pairs, sig-degree of sel. pairs: 13
symbolic pp took 0.038458345 seconds.
Matrix 67 : 0.00140471 secs reduction / size = (2475, 2685) / density = 0.0634280232492523
Pair generation took 0.001053284 seconds.
selected 1 / 1 pairs, sig-degree of sel. pairs: 14
symbolic pp took 0.007054399 seconds.
Matrix 68 : 0.001121585 secs reduction / size = (810, 1020) / density = 0.1412466715081094
Pair generation took 0.000581762 seconds.
-----
total number of arithmetic operations (groebner): 34987455
total number of arithmetic operations (module overhead): 11181336
5.614850485
